<?xml version="1.0" encoding="UTF-8"?>
<testng-results ignored="0" total="0" passed="0" failed="0" skipped="0">
  <reporter-output>
  </reporter-output>
  <suite started-at="2025-01-08T01:52:14 GMT+03:00" name="Surefire suite" finished-at="2025-01-08T01:52:14 GMT+03:00" duration-ms="158">
    <groups>
    </groups>
    <test started-at="2025-01-08T01:52:14 GMT+03:00" name="Surefire test" finished-at="2025-01-08T01:52:14 GMT+03:00" duration-ms="158">
    </test> <!-- Surefire test -->
  </suite> <!-- Surefire suite -->
</testng-results>
